<?xml version="1.0" encoding="UTF-8"?>
<testsuite name="ru.netology.qa.UIAutomatorTest" tests="1" skipped="0" failures="0" errors="0" timestamp="2024-11-11T14:14:36" hostname="MASTER_BUROKKU" time="9.872">
  <properties/>
  <testcase name="testEmptyString()" classname="ru.netology.qa.UIAutomatorTest" time="9.872"/>
  <system-out><![CDATA[]]></system-out>
  <system-err><![CDATA[нояб. 11, 2024 6:14:41 PM io.appium.java_client.remote.AppiumCommandExecutor$1 lambda$0
INFO: Detected dialect: W3C
]]></system-err>
</testsuite>
