<?xml version="1.0" encoding="UTF-8"?>
<testsuite name="homework.homework" tests="2" skipped="0" failures="0" errors="0" timestamp="2024-11-10T14:21:10" hostname="MASTER_BUROKKU" time="20.425">
  <properties/>
  <testcase name="emptyField()" classname="homework.homework" time="7.99"/>
  <testcase name="testNewTab()" classname="homework.homework" time="12.435"/>
  <system-out><![CDATA[]]></system-out>
  <system-err><![CDATA[нояб. 10, 2024 6:21:15 PM io.appium.java_client.remote.AppiumCommandExecutor$1 lambda$0
INFO: Detected dialect: W3C
нояб. 10, 2024 6:21:22 PM io.appium.java_client.remote.AppiumCommandExecutor$1 lambda$0
INFO: Detected dialect: W3C
]]></system-err>
</testsuite>
